This is pdfTeX, Version 3.14159265-2.6-1.40.20 (TeX Live 2019/Debian) (preloaded format=pdflatex 2020.7.29)  24 AUG 2020 02:53
entering extended mode
 restricted \write18 enabled.
 %&-line parsing enabled.
**me4140_virtualize_ubuntu.tex
(./me4140_virtualize_ubuntu.tex
LaTeX2e <2020-02-02> patch level 2
L3 programming layer <2020-02-14>
(/usr/share/texlive/texmf-dist/tex/latex/base/article.cls
Document Class: article 2019/12/20 v1.4l Standard LaTeX document class
(/usr/share/texlive/texmf-dist/tex/latex/base/size12.clo
File: size12.clo 2019/12/20 v1.4l Standard LaTeX file (size option)
)
\c@part=\count167
\c@section=\count168
\c@subsection=\count169
\c@subsubsection=\count170
\c@paragraph=\count171
\c@subparagraph=\count172
\c@figure=\count173
\c@table=\count174
\abovecaptionskip=\skip47
\belowcaptionskip=\skip48
\bibindent=\dimen134
)
(/usr/share/texlive/texmf-dist/tex/latex/hyperref/hyperref.sty
Package: hyperref 2020/01/14 v7.00d Hypertext links for LaTeX

(/usr/share/texlive/texmf-dist/tex/generic/ltxcmds/ltxcmds.sty
Package: ltxcmds 2019/12/15 v1.24 LaTeX kernel commands for general use (HO)
)
(/usr/share/texlive/texmf-dist/tex/generic/iftex/iftex.sty
Package: iftex 2019/11/07 v1.0c TeX engine tests
)
(/usr/share/texlive/texmf-dist/tex/latex/pdftexcmds/pdftexcmds.sty
Package: pdftexcmds 2019/11/24 v0.31 Utility functions of pdfTeX for LuaTeX (HO
)

(/usr/share/texlive/texmf-dist/tex/generic/infwarerr/infwarerr.sty
Package: infwarerr 2019/12/03 v1.5 Providing info/warning/error messages (HO)
)
Package pdftexcmds Info: \pdf@primitive is available.
Package pdftexcmds Info: \pdf@ifprimitive is available.
Package pdftexcmds Info: \pdfdraftmode found.
)
(/usr/share/texlive/texmf-dist/tex/latex/graphics/keyval.sty
Package: keyval 2014/10/28 v1.15 key=value parser (DPC)
\KV@toks@=\toks14
)
(/usr/share/texlive/texmf-dist/tex/generic/kvsetkeys/kvsetkeys.sty
Package: kvsetkeys 2019/12/15 v1.18 Key value parser (HO)
)
(/usr/share/texlive/texmf-dist/tex/generic/kvdefinekeys/kvdefinekeys.sty
Package: kvdefinekeys 2019-12-19 v1.6 Define keys (HO)
)
(/usr/share/texlive/texmf-dist/tex/generic/pdfescape/pdfescape.sty
Package: pdfescape 2019/12/09 v1.15 Implements pdfTeX's escape features (HO)
)
(/usr/share/texlive/texmf-dist/tex/latex/hycolor/hycolor.sty
Package: hycolor 2020-01-27 v1.10 Color options for hyperref/bookmark (HO)
)
(/usr/share/texlive/texmf-dist/tex/latex/letltxmacro/letltxmacro.sty
Package: letltxmacro 2019/12/03 v1.6 Let assignment for LaTeX macros (HO)
)
(/usr/share/texlive/texmf-dist/tex/latex/auxhook/auxhook.sty
Package: auxhook 2019-12-17 v1.6 Hooks for auxiliary files (HO)
)
(/usr/share/texlive/texmf-dist/tex/latex/kvoptions/kvoptions.sty
Package: kvoptions 2019/11/29 v3.13 Key value format for package options (HO)
)
\@linkdim=\dimen135
\Hy@linkcounter=\count175
\Hy@pagecounter=\count176

(/usr/share/texlive/texmf-dist/tex/latex/hyperref/pd1enc.def
File: pd1enc.def 2020/01/14 v7.00d Hyperref: PDFDocEncoding definition (HO)
Now handling font encoding PD1 ...
... no UTF-8 mapping file for font encoding PD1
)
(/usr/share/texlive/texmf-dist/tex/generic/intcalc/intcalc.sty
Package: intcalc 2019/12/15 v1.3 Expandable calculations with integers (HO)
)
(/usr/share/texlive/texmf-dist/tex/generic/etexcmds/etexcmds.sty
Package: etexcmds 2019/12/15 v1.7 Avoid name clashes with e-TeX commands (HO)
)
\Hy@SavedSpaceFactor=\count177
\pdfmajorversion=\count178
Package hyperref Info: Hyper figures OFF on input line 4547.
Package hyperref Info: Link nesting OFF on input line 4552.
Package hyperref Info: Hyper index ON on input line 4555.
Package hyperref Info: Plain pages OFF on input line 4562.
Package hyperref Info: Backreferencing OFF on input line 4567.
Package hyperref Info: Implicit mode ON; LaTeX internals redefined.
Package hyperref Info: Bookmarks ON on input line 4800.
\c@Hy@tempcnt=\count179

(/usr/share/texlive/texmf-dist/tex/latex/url/url.sty
\Urlmuskip=\muskip16
Package: url 2013/09/16  ver 3.4  Verb mode for urls, etc.
)
LaTeX Info: Redefining \url on input line 5159.
\XeTeXLinkMargin=\dimen136

(/usr/share/texlive/texmf-dist/tex/generic/bitset/bitset.sty
Package: bitset 2019/12/09 v1.3 Handle bit-vector datatype (HO)

(/usr/share/texlive/texmf-dist/tex/generic/bigintcalc/bigintcalc.sty
Package: bigintcalc 2019/12/15 v1.5 Expandable calculations on big integers (HO
)
))
\Fld@menulength=\count180
\Field@Width=\dimen137
\Fld@charsize=\dimen138
Package hyperref Info: Hyper figures OFF on input line 6430.
Package hyperref Info: Link nesting OFF on input line 6435.
Package hyperref Info: Hyper index ON on input line 6438.
Package hyperref Info: backreferencing OFF on input line 6445.
Package hyperref Info: Link coloring OFF on input line 6450.
Package hyperref Info: Link coloring with OCG OFF on input line 6455.
Package hyperref Info: PDF/A mode OFF on input line 6460.
LaTeX Info: Redefining \ref on input line 6500.
LaTeX Info: Redefining \pageref on input line 6504.

(/usr/share/texlive/texmf-dist/tex/generic/atbegshi/atbegshi.sty
Package: atbegshi 2019/12/05 v1.19 At begin shipout hook (HO)
)
\Hy@abspage=\count181
\c@Item=\count182
\c@Hfootnote=\count183
)
Package hyperref Info: Driver (autodetected): hpdftex.

(/usr/share/texlive/texmf-dist/tex/latex/hyperref/hpdftex.def
File: hpdftex.def 2020/01/14 v7.00d Hyperref driver for pdfTeX

(/usr/share/texlive/texmf-dist/tex/latex/atveryend/atveryend.sty
Package: atveryend 2019-12-11 v1.11 Hooks at the very end of document (HO)
Package atveryend Info: \enddocument detected (standard20110627).
)
\Fld@listcount=\count184
\c@bookmark@seq@number=\count185

(/usr/share/texlive/texmf-dist/tex/latex/rerunfilecheck/rerunfilecheck.sty
Package: rerunfilecheck 2019/12/05 v1.9 Rerun checks for auxiliary files (HO)

(/usr/share/texlive/texmf-dist/tex/generic/uniquecounter/uniquecounter.sty
Package: uniquecounter 2019/12/15 v1.4 Provide unlimited unique counter (HO)
)
Package uniquecounter Info: New unique counter `rerunfilecheck' on input line 2
86.
)
\Hy@SectionHShift=\skip49
)
(/usr/share/texlive/texmf-dist/tex/latex/graphics/graphicx.sty
Package: graphicx 2019/11/30 v1.2a Enhanced LaTeX Graphics (DPC,SPQR)

(/usr/share/texlive/texmf-dist/tex/latex/graphics/graphics.sty
Package: graphics 2019/11/30 v1.4a Standard LaTeX Graphics (DPC,SPQR)

(/usr/share/texlive/texmf-dist/tex/latex/graphics/trig.sty
Package: trig 2016/01/03 v1.10 sin cos tan (DPC)
)
(/usr/share/texlive/texmf-dist/tex/latex/graphics-cfg/graphics.cfg
File: graphics.cfg 2016/06/04 v1.11 sample graphics configuration
)
Package graphics Info: Driver file: pdftex.def on input line 105.

(/usr/share/texlive/texmf-dist/tex/latex/graphics-def/pdftex.def
File: pdftex.def 2018/01/08 v1.0l Graphics/color driver for pdftex
))
\Gin@req@height=\dimen139
\Gin@req@width=\dimen140
)
(/usr/share/texlive/texmf-dist/tex/latex/multirow/multirow.sty
Package: multirow 2019/05/31 v2.5 Span multiple rows of a table
\multirow@colwidth=\skip50
\multirow@cntb=\count186
\multirow@dima=\skip51
\bigstrutjot=\dimen141
)
(/usr/share/texlive/texmf-dist/tex/latex/setspace/setspace.sty
Package: setspace 2011/12/19 v6.7a set line spacing
)
(/usr/share/texlive/texmf-dist/tex/latex/graphics/color.sty
Package: color 2019/11/23 v1.2a Standard LaTeX Color (DPC)

(/usr/share/texlive/texmf-dist/tex/latex/graphics-cfg/color.cfg
File: color.cfg 2016/01/02 v1.6 sample color configuration
)
Package color Info: Driver file: pdftex.def on input line 147.
)
(/usr/share/texlive/texmf-dist/tex/latex/tools/multicol.sty
Package: multicol 2019/12/09 v1.8y multicolumn formatting (FMi)
\c@tracingmulticols=\count187
\mult@box=\box45
\multicol@leftmargin=\dimen142
\c@unbalance=\count188
\c@collectmore=\count189
\doublecol@number=\count190
\multicoltolerance=\count191
\multicolpretolerance=\count192
\full@width=\dimen143
\page@free=\dimen144
\premulticols=\dimen145
\postmulticols=\dimen146
\multicolsep=\skip52
\multicolbaselineskip=\skip53
\partial@page=\box46
\last@line=\box47
\maxbalancingoverflow=\dimen147
\mult@rightbox=\box48
\mult@grightbox=\box49
\mult@gfirstbox=\box50
\mult@firstbox=\box51
\@tempa=\box52
\@tempa=\box53
\@tempa=\box54
\@tempa=\box55
\@tempa=\box56
\@tempa=\box57
\@tempa=\box58
\@tempa=\box59
\@tempa=\box60
\@tempa=\box61
\@tempa=\box62
\@tempa=\box63
\@tempa=\box64
\@tempa=\box65
\@tempa=\box66
\@tempa=\box67
\@tempa=\box68
\@tempa=\box69
\@tempa=\box70
\@tempa=\box71
\@tempa=\box72
\@tempa=\box73
\@tempa=\box74
\@tempa=\box75
\@tempa=\box76
\@tempa=\box77
\@tempa=\box78
\@tempa=\box79
\@tempa=\box80
\@tempa=\box81
\@tempa=\box82
\@tempa=\box83
\@tempa=\box84
\@tempa=\box85
\@tempa=\box86
\@tempa=\box87
\@tempa=\box88
\c@minrows=\count193
\c@columnbadness=\count194
\c@finalcolumnbadness=\count195
\last@try=\dimen148
\multicolovershoot=\dimen149
\multicolundershoot=\dimen150
\mult@nat@firstbox=\box89
\colbreak@box=\box90
\mc@col@check@num=\count196
)

Package hyperref Warning: Option `bookmarks' has already been used,
(hyperref)                setting the option has no effect on input line 33.

Package hyperref Info: Option `unicode' set `false' on input line 33.
Package hyperref Info: Option `pdftoolbar' set `true' on input line 33.
Package hyperref Info: Option `pdfmenubar' set `true' on input line 33.
Package hyperref Info: Option `pdffitwindow' set `false' on input line 33.
Package hyperref Info: Option `pdfnewwindow' set `true' on input line 33.
Package hyperref Info: Option `colorlinks' set `true' on input line 33.
\mybox=\box91
(/usr/share/texlive/texmf-dist/tex/latex/l3backend/l3backend-pdfmode.def
File: l3backend-pdfmode.def 2020-02-03 L3 backend support: PDF mode
\l__kernel_color_stack_int=\count197
\l__pdf_internal_box=\box92
)
(./me4140_virtualize_ubuntu.aux)
\openout1 = `me4140_virtualize_ubuntu.aux'.

LaTeX Font Info:    Checking defaults for OML/cmm/m/it on input line 83.
LaTeX Font Info:    ... okay on input line 83.
LaTeX Font Info:    Checking defaults for OMS/cmsy/m/n on input line 83.
LaTeX Font Info:    ... okay on input line 83.
LaTeX Font Info:    Checking defaults for OT1/cmr/m/n on input line 83.
LaTeX Font Info:    ... okay on input line 83.
LaTeX Font Info:    Checking defaults for T1/cmr/m/n on input line 83.
LaTeX Font Info:    ... okay on input line 83.
LaTeX Font Info:    Checking defaults for TS1/cmr/m/n on input line 83.
LaTeX Font Info:    ... okay on input line 83.
LaTeX Font Info:    Checking defaults for OMX/cmex/m/n on input line 83.
LaTeX Font Info:    ... okay on input line 83.
LaTeX Font Info:    Checking defaults for U/cmr/m/n on input line 83.
LaTeX Font Info:    ... okay on input line 83.
LaTeX Font Info:    Checking defaults for PD1/pdf/m/n on input line 83.
LaTeX Font Info:    ... okay on input line 83.
\AtBeginShipoutBox=\box93
Package hyperref Info: Link coloring ON on input line 83.

(/usr/share/texlive/texmf-dist/tex/latex/hyperref/nameref.sty
Package: nameref 2019/09/16 v2.46 Cross-referencing by name of section

(/usr/share/texlive/texmf-dist/tex/latex/refcount/refcount.sty
Package: refcount 2019/12/15 v3.6 Data extraction from label references (HO)
)
(/usr/share/texlive/texmf-dist/tex/generic/gettitlestring/gettitlestring.sty
Package: gettitlestring 2019/12/15 v1.6 Cleanup title references (HO)
)
\c@section@level=\count198
)
LaTeX Info: Redefining \ref on input line 83.
LaTeX Info: Redefining \pageref on input line 83.
LaTeX Info: Redefining \nameref on input line 83.

(./me4140_virtualize_ubuntu.out) (./me4140_virtualize_ubuntu.out)
\@outlinefile=\write3
\openout3 = `me4140_virtualize_ubuntu.out'.


(/usr/share/texlive/texmf-dist/tex/context/base/mkii/supp-pdf.mkii
[Loading MPS to PDF converter (version 2006.09.02).]
\scratchcounter=\count199
\scratchdimen=\dimen151
\scratchbox=\box94
\nofMPsegments=\count266
\nofMParguments=\count267
\everyMPshowfont=\toks15
\MPscratchCnt=\count268
\MPscratchDim=\dimen152
\MPnumerator=\count269
\makeMPintoPDFobject=\count270
\everyMPtoPDFconversion=\toks16
) (/usr/share/texlive/texmf-dist/tex/latex/epstopdf-pkg/epstopdf-base.sty
Package: epstopdf-base 2020-01-24 v2.11 Base part for package epstopdf
Package epstopdf-base Info: Redefining graphics rule for `.eps' on input line 4
85.

(/usr/share/texlive/texmf-dist/tex/latex/latexconfig/epstopdf-sys.cfg
File: epstopdf-sys.cfg 2010/07/13 v1.3 Configuration of (r)epstopdf for TeX Liv
e
))
Underfull \hbox (badness 10000) in paragraph at lines 95--97

 []

<CaptureA.png, id=6, 803.0pt x 803.0pt>
File: CaptureA.png Graphic file (type png)
<use CaptureA.png>
Package pdftex.def Info: CaptureA.png  used on input line 105.
(pdftex.def)             Requested size: 120.4448pt x 120.4448pt.

Underfull \hbox (badness 10000) in paragraph at lines 105--106

 []


Underfull \hbox (badness 10000) in paragraph at lines 108--109

 []


Underfull \hbox (badness 10000) in paragraph at lines 112--113

 []

[1

{/var/lib/texmf/fonts/map/pdftex/updmap/pdftex.map} <./CaptureA.PNG>]
Underfull \hbox (badness 10000) in paragraph at lines 134--135

 []


Underfull \hbox (badness 10000) in paragraph at lines 141--142

 []


Underfull \hbox (badness 10000) in paragraph at lines 147--148

 []

<Capture1.png, id=18, 604.2575pt x 459.7175pt>
File: Capture1.png Graphic file (type png)
<use Capture1.png>
Package pdftex.def Info: Capture1.png  used on input line 149.
(pdftex.def)             Requested size: 362.5573pt x 275.83263pt.

Underfull \hbox (badness 10000) in paragraph at lines 149--150

 []


Underfull \hbox (badness 10000) in paragraph at lines 153--154

 []


Underfull \hbox (badness 10000) in paragraph at lines 155--157

 []

<Capture2.png, id=19, 164.11313pt x 175.15437pt>
File: Capture2.png Graphic file (type png)
<use Capture2.png>
Package pdftex.def Info: Capture2.png  used on input line 157.
(pdftex.def)             Requested size: 98.46863pt x 105.09343pt.

Underfull \hbox (badness 10000) in paragraph at lines 157--158

 []


Overfull \vbox (32.60765pt too high) has occurred while \output is active []


[2 <./Capture1.PNG> <./Capture2.PNG>]
<Capture3.png, id=32, 496.35437pt x 309.65688pt>
File: Capture3.png Graphic file (type png)
<use Capture3.png>
Package pdftex.def Info: Capture3.png  used on input line 167.
(pdftex.def)             Requested size: 297.81493pt x 185.79555pt.

Underfull \hbox (badness 10000) in paragraph at lines 166--168

 []

<Capture4.png, id=33, 500.36937pt x 323.70938pt>
File: Capture4.png Graphic file (type png)
<use Capture4.png>
Package pdftex.def Info: Capture4.png  used on input line 176.
(pdftex.def)             Requested size: 300.22394pt x 194.22713pt.

Underfull \hbox (badness 10000) in paragraph at lines 176--177

 []

[3 <./Capture3.PNG> <./Capture4.PNG>]
<Capture5.png, id=41, 503.38063pt x 325.71687pt>
File: Capture5.png Graphic file (type png)
<use Capture5.png>
Package pdftex.def Info: Capture5.png  used on input line 179.
(pdftex.def)             Requested size: 302.0307pt x 195.43163pt.

Underfull \hbox (badness 10000) in paragraph at lines 178--180

 []


Underfull \hbox (badness 10000) in paragraph at lines 183--184

 []

<Capture6.png, id=42, 499.8675pt x 323.70938pt>
File: Capture6.png Graphic file (type png)
<use Capture6.png>
Package pdftex.def Info: Capture6.png  used on input line 188.
(pdftex.def)             Requested size: 299.9228pt x 194.22713pt.

Underfull \hbox (badness 10000) in paragraph at lines 187--189

 []

[4 <./Capture5.PNG> <./Capture6.PNG>]
Underfull \hbox (badness 10000) in paragraph at lines 196--197

 []

<Capture7.png, id=51, 509.905pt x 365.86688pt>
File: Capture7.png Graphic file (type png)
<use Capture7.png>
Package pdftex.def Info: Capture7.png  used on input line 198.
(pdftex.def)             Requested size: 305.94536pt x 219.52182pt.

Underfull \hbox (badness 10000) in paragraph at lines 198--199

 []


Underfull \hbox (badness 10000) in paragraph at lines 202--203

 []


Underfull \hbox (badness 10000) in paragraph at lines 205--206

 []

<Capture8.png, id=52, 499.36563pt x 366.87062pt>
File: Capture8.png Graphic file (type png)
<use Capture8.png>
Package pdftex.def Info: Capture8.png  used on input line 207.
(pdftex.def)             Requested size: 299.62169pt x 220.12407pt.

Underfull \hbox (badness 10000) in paragraph at lines 207--208

 []

[5 <./Capture7.PNG> <./Capture8.PNG>]
<Capture9.png, id=61, 573.64313pt x 311.66437pt>
File: Capture9.png Graphic file (type png)
<use Capture9.png>
Package pdftex.def Info: Capture9.png  used on input line 217.
(pdftex.def)             Requested size: 344.18852pt x 187.00006pt.

Underfull \hbox (badness 10000) in paragraph at lines 216--218

 []

[6 <./Capture9.PNG>]
Underfull \hbox (badness 10000) in paragraph at lines 237--238

 []

File: Capture9.png Graphic file (type png)
<use Capture9.png>
Package pdftex.def Info: Capture9.png  used on input line 241.
(pdftex.def)             Requested size: 344.18852pt x 187.00006pt.

Underfull \hbox (badness 10000) in paragraph at lines 240--242

 []

[7]
<Capture10.png, id=74, 577.65813pt x 332.24126pt>
File: Capture10.png Graphic file (type png)
<use Capture10.png>
Package pdftex.def Info: Capture10.png  used on input line 250.
(pdftex.def)             Requested size: 346.59755pt x 199.34628pt.

Underfull \hbox (badness 10000) in paragraph at lines 249--251

 []

<Capture11.png, id=75, 607.77063pt x 380.92313pt>
File: Capture11.png Graphic file (type png)
<use Capture11.png>
Package pdftex.def Info: Capture11.png  used on input line 259.
(pdftex.def)             Requested size: 364.66519pt x 228.55562pt.

Underfull \hbox (badness 10000) in paragraph at lines 258--260

 []

[8 <./Capture10.PNG> <./Capture11.PNG>]
<Capture12.png, id=84, 581.67313pt x 331.73938pt>
File: Capture12.png Graphic file (type png)
<use Capture12.png>
Package pdftex.def Info: Capture12.png  used on input line 273.
(pdftex.def)             Requested size: 349.00656pt x 199.04515pt.
<Capture13.png, id=85, 578.16pt x 367.3725pt>
File: Capture13.png Graphic file (type png)
<use Capture13.png>
Package pdftex.def Info: Capture13.png  used on input line 282.
(pdftex.def)             Requested size: 346.89867pt x 220.42519pt.
 [9 <./Capture12.PNG> <./Capture13.PNG>]
<Capture15.png, id=94, 572.1375pt x 367.87437pt>
File: Capture15.png Graphic file (type png)
<use Capture15.png>
Package pdftex.def Info: Capture15.png  used on input line 289.
(pdftex.def)             Requested size: 343.28514pt x 220.72632pt.

Underfull \hbox (badness 10000) in paragraph at lines 288--290

 []

<Capture16.png, id=95, 573.14125pt x 368.87813pt>
File: Capture16.png Graphic file (type png)
<use Capture16.png>
Package pdftex.def Info: Capture16.png  used on input line 298.
(pdftex.def)             Requested size: 343.8874pt x 221.32857pt.
[10 <./Capture15.PNG> <./Capture16.PNG>]
<Capture17.png, id=104, 571.63562pt x 365.86688pt>
File: Capture17.png Graphic file (type png)
<use Capture17.png>
Package pdftex.def Info: Capture17.png  used on input line 301.
(pdftex.def)             Requested size: 342.98401pt x 219.52182pt.

Underfull \hbox (badness 10000) in paragraph at lines 300--302

 []

[11 <./Capture17.PNG>]
<Capture18.png, id=111, 574.64688pt x 368.87813pt>
File: Capture18.png Graphic file (type png)
<use Capture18.png>
Package pdftex.def Info: Capture18.png  used on input line 305.
(pdftex.def)             Requested size: 344.79079pt x 221.32857pt.
 [12 <./Capture18.PNG>]
<Capture19.png, id=118, 464.23438pt x 365.86688pt>
File: Capture19.png Graphic file (type png)
<use Capture19.png>
Package pdftex.def Info: Capture19.png  used on input line 314.
(pdftex.def)             Requested size: 278.54277pt x 219.52182pt.
 [13 <./Capture19.PNG>]
<Capture20.png, id=126, 466.24188pt x 369.38pt>
File: Capture20.png Graphic file (type png)
<use Capture20.png>
Package pdftex.def Info: Capture20.png  used on input line 327.
(pdftex.def)             Requested size: 279.74728pt x 221.6297pt.
<Capture21.png, id=127, 464.73625pt x 367.3725pt>
File: Capture21.png Graphic file (type png)
<use Capture21.png>
Package pdftex.def Info: Capture21.png  used on input line 329.
(pdftex.def)             Requested size: 278.84389pt x 220.42519pt.
Package atveryend Info: Empty hook `BeforeClearDocument' on input line 332.
 [14 <./Capture20.PNG> <./Capture21.PNG>]
Package atveryend Info: Empty hook `AfterLastShipout' on input line 332.
 (./me4140_virtualize_ubuntu.aux)
Package atveryend Info: Executing hook `AtVeryEndDocument' on input line 332.
Package atveryend Info: Executing hook `AtEndAfterFileList' on input line 332.
Package rerunfilecheck Info: File `me4140_virtualize_ubuntu.out' has not change
d.
(rerunfilecheck)             Checksum: D41D8CD98F00B204E9800998ECF8427E;0.
Package atveryend Info: Empty hook `AtVeryVeryEnd' on input line 332.
 ) 
Here is how much of TeX's memory you used:
 5605 strings out of 481239
 86644 string characters out of 5920377
 345445 words of memory out of 5000000
 20734 multiletter control sequences out of 15000+600000
 534945 words of font info for 32 fonts, out of 8000000 for 9000
 1141 hyphenation exceptions out of 8191
 34i,6n,29p,475b,680s stack positions out of 5000i,500n,10000p,200000b,80000s
{/usr/share/texmf/fonts/enc/dvips/cm-super/cm-super-ts1.enc}</usr/share/texli
ve/texmf-dist/fonts/type1/public/amsfonts/cm/cmbx12.pfb></usr/share/texlive/tex
mf-dist/fonts/type1/public/amsfonts/cm/cmr12.pfb></usr/share/texlive/texmf-dist
/fonts/type1/public/amsfonts/cm/cmsl12.pfb></usr/share/texlive/texmf-dist/fonts
/type1/public/amsfonts/cm/cmti12.pfb></usr/share/texmf/fonts/type1/public/cm-su
per/sfrm1200.pfb>
Output written on me4140_virtualize_ubuntu.pdf (14 pages, 2852542 bytes).
PDF statistics:
 168 PDF objects out of 1000 (max. 8388607)
 103 compressed objects within 2 object streams
 39 named destinations out of 1000 (max. 500000)
 106 words of extra memory for PDF output out of 10000 (max. 10000000)

