This is pdfTeX, Version 3.1415926-2.5-1.40.14 (TeX Live 2013/Debian) (format=pdflatex 2017.8.31)  21 SEP 2018 07:58
entering extended mode
 restricted \write18 enabled.
 %&-line parsing enabled.
**me4140_ros_basics.tex
(./me4140_ros_basics.tex
LaTeX2e <2011/06/27>
Babel <3.9h> and hyphenation patterns for 78 languages loaded.
(/usr/share/texlive/texmf-dist/tex/latex/base/article.cls
Document Class: article 2007/10/19 v1.4h Standard LaTeX document class
(/usr/share/texlive/texmf-dist/tex/latex/base/size12.clo
File: size12.clo 2007/10/19 v1.4h Standard LaTeX file (size option)
)
\c@part=\count79
\c@section=\count80
\c@subsection=\count81
\c@subsubsection=\count82
\c@paragraph=\count83
\c@subparagraph=\count84
\c@figure=\count85
\c@table=\count86
\abovecaptionskip=\skip41
\belowcaptionskip=\skip42
\bibindent=\dimen102
)
(/usr/share/texlive/texmf-dist/tex/latex/hyperref/hyperref.sty
Package: hyperref 2012/11/06 v6.83m Hypertext links for LaTeX

(/usr/share/texlive/texmf-dist/tex/generic/oberdiek/hobsub-hyperref.sty
Package: hobsub-hyperref 2012/05/28 v1.13 Bundle oberdiek, subset hyperref (HO)


(/usr/share/texlive/texmf-dist/tex/generic/oberdiek/hobsub-generic.sty
Package: hobsub-generic 2012/05/28 v1.13 Bundle oberdiek, subset generic (HO)
Package: hobsub 2012/05/28 v1.13 Construct package bundles (HO)
Package: infwarerr 2010/04/08 v1.3 Providing info/warning/error messages (HO)
Package: ltxcmds 2011/11/09 v1.22 LaTeX kernel commands for general use (HO)
Package: ifluatex 2010/03/01 v1.3 Provides the ifluatex switch (HO)
Package ifluatex Info: LuaTeX not detected.
Package: ifvtex 2010/03/01 v1.5 Detect VTeX and its facilities (HO)
Package ifvtex Info: VTeX not detected.
Package: intcalc 2007/09/27 v1.1 Expandable calculations with integers (HO)
Package: ifpdf 2011/01/30 v2.3 Provides the ifpdf switch (HO)
Package ifpdf Info: pdfTeX in PDF mode is detected.
Package: etexcmds 2011/02/16 v1.5 Avoid name clashes with e-TeX commands (HO)
Package etexcmds Info: Could not find \expanded.
(etexcmds)             That can mean that you are not using pdfTeX 1.50 or
(etexcmds)             that some package has redefined \expanded.
(etexcmds)             In the latter case, load this package earlier.
Package: kvsetkeys 2012/04/25 v1.16 Key value parser (HO)
Package: kvdefinekeys 2011/04/07 v1.3 Define keys (HO)
Package: pdftexcmds 2011/11/29 v0.20 Utility functions of pdfTeX for LuaTeX (HO
)
Package pdftexcmds Info: LuaTeX not detected.
Package pdftexcmds Info: \pdf@primitive is available.
Package pdftexcmds Info: \pdf@ifprimitive is available.
Package pdftexcmds Info: \pdfdraftmode found.
Package: pdfescape 2011/11/25 v1.13 Implements pdfTeX's escape features (HO)
Package: bigintcalc 2012/04/08 v1.3 Expandable calculations on big integers (HO
)
Package: bitset 2011/01/30 v1.1 Handle bit-vector datatype (HO)
Package: uniquecounter 2011/01/30 v1.2 Provide unlimited unique counter (HO)
)
Package hobsub Info: Skipping package `hobsub' (already loaded).
Package: letltxmacro 2010/09/02 v1.4 Let assignment for LaTeX macros (HO)
Package: hopatch 2012/05/28 v1.2 Wrapper for package hooks (HO)
Package: xcolor-patch 2011/01/30 xcolor patch
Package: atveryend 2011/06/30 v1.8 Hooks at the very end of document (HO)
Package atveryend Info: \enddocument detected (standard20110627).
Package: atbegshi 2011/10/05 v1.16 At begin shipout hook (HO)
Package: refcount 2011/10/16 v3.4 Data extraction from label references (HO)
Package: hycolor 2011/01/30 v1.7 Color options for hyperref/bookmark (HO)
)
(/usr/share/texlive/texmf-dist/tex/latex/graphics/keyval.sty
Package: keyval 1999/03/16 v1.13 key=value parser (DPC)
\KV@toks@=\toks14
)
(/usr/share/texlive/texmf-dist/tex/generic/ifxetex/ifxetex.sty
Package: ifxetex 2010/09/12 v0.6 Provides ifxetex conditional
)
(/usr/share/texlive/texmf-dist/tex/latex/oberdiek/auxhook.sty
Package: auxhook 2011/03/04 v1.3 Hooks for auxiliary files (HO)
)
(/usr/share/texlive/texmf-dist/tex/latex/oberdiek/kvoptions.sty
Package: kvoptions 2011/06/30 v3.11 Key value format for package options (HO)
)
\@linkdim=\dimen103
\Hy@linkcounter=\count87
\Hy@pagecounter=\count88

(/usr/share/texlive/texmf-dist/tex/latex/hyperref/pd1enc.def
File: pd1enc.def 2012/11/06 v6.83m Hyperref: PDFDocEncoding definition (HO)
)
\Hy@SavedSpaceFactor=\count89

(/usr/share/texlive/texmf-dist/tex/latex/latexconfig/hyperref.cfg
File: hyperref.cfg 2002/06/06 v1.2 hyperref configuration of TeXLive
)
Package hyperref Info: Hyper figures OFF on input line 4443.
Package hyperref Info: Link nesting OFF on input line 4448.
Package hyperref Info: Hyper index ON on input line 4451.
Package hyperref Info: Plain pages OFF on input line 4458.
Package hyperref Info: Backreferencing OFF on input line 4463.
Package hyperref Info: Implicit mode ON; LaTeX internals redefined.
Package hyperref Info: Bookmarks ON on input line 4688.
\c@Hy@tempcnt=\count90

(/usr/share/texlive/texmf-dist/tex/latex/url/url.sty
\Urlmuskip=\muskip10
Package: url 2013/09/16  ver 3.4  Verb mode for urls, etc.
)
LaTeX Info: Redefining \url on input line 5041.
\XeTeXLinkMargin=\dimen104
\Fld@menulength=\count91
\Field@Width=\dimen105
\Fld@charsize=\dimen106
Package hyperref Info: Hyper figures OFF on input line 6295.
Package hyperref Info: Link nesting OFF on input line 6300.
Package hyperref Info: Hyper index ON on input line 6303.
Package hyperref Info: backreferencing OFF on input line 6310.
Package hyperref Info: Link coloring OFF on input line 6315.
Package hyperref Info: Link coloring with OCG OFF on input line 6320.
Package hyperref Info: PDF/A mode OFF on input line 6325.
LaTeX Info: Redefining \ref on input line 6365.
LaTeX Info: Redefining \pageref on input line 6369.
\Hy@abspage=\count92
\c@Item=\count93
\c@Hfootnote=\count94
)

Package hyperref Message: Driver (autodetected): hpdftex.

(/usr/share/texlive/texmf-dist/tex/latex/hyperref/hpdftex.def
File: hpdftex.def 2012/11/06 v6.83m Hyperref driver for pdfTeX
\Fld@listcount=\count95
\c@bookmark@seq@number=\count96

(/usr/share/texlive/texmf-dist/tex/latex/oberdiek/rerunfilecheck.sty
Package: rerunfilecheck 2011/04/15 v1.7 Rerun checks for auxiliary files (HO)
Package uniquecounter Info: New unique counter `rerunfilecheck' on input line 2
82.
)
\Hy@SectionHShift=\skip43
)
(/usr/share/texlive/texmf-dist/tex/latex/graphics/graphicx.sty
Package: graphicx 1999/02/16 v1.0f Enhanced LaTeX Graphics (DPC,SPQR)

(/usr/share/texlive/texmf-dist/tex/latex/graphics/graphics.sty
Package: graphics 2009/02/05 v1.0o Standard LaTeX Graphics (DPC,SPQR)

(/usr/share/texlive/texmf-dist/tex/latex/graphics/trig.sty
Package: trig 1999/03/16 v1.09 sin cos tan (DPC)
)
(/usr/share/texlive/texmf-dist/tex/latex/latexconfig/graphics.cfg
File: graphics.cfg 2010/04/23 v1.9 graphics configuration of TeX Live
)
Package graphics Info: Driver file: pdftex.def on input line 91.

(/usr/share/texlive/texmf-dist/tex/latex/pdftex-def/pdftex.def
File: pdftex.def 2011/05/27 v0.06d Graphics/color for pdfTeX
\Gread@gobject=\count97
))
\Gin@req@height=\dimen107
\Gin@req@width=\dimen108
)
(/usr/share/texlive/texmf-dist/tex/latex/multirow/multirow.sty
\bigstrutjot=\dimen109
)
(/usr/share/texlive/texmf-dist/tex/latex/setspace/setspace.sty
Package: setspace 2011/12/19 v6.7a set line spacing
)
(/usr/share/texlive/texmf-dist/tex/latex/graphics/color.sty
Package: color 2005/11/14 v1.0j Standard LaTeX Color (DPC)

(/usr/share/texlive/texmf-dist/tex/latex/latexconfig/color.cfg
File: color.cfg 2007/01/18 v1.5 color configuration of teTeX/TeXLive
)
Package color Info: Driver file: pdftex.def on input line 130.
)
(/usr/share/texlive/texmf-dist/tex/latex/tools/multicol.sty
Package: multicol 2011/06/27 v1.7a multicolumn formatting (FMi)
\c@tracingmulticols=\count98
\mult@box=\box26
\multicol@leftmargin=\dimen110
\c@unbalance=\count99
\c@collectmore=\count100
\doublecol@number=\count101
\multicoltolerance=\count102
\multicolpretolerance=\count103
\full@width=\dimen111
\page@free=\dimen112
\premulticols=\dimen113
\postmulticols=\dimen114
\multicolsep=\skip44
\multicolbaselineskip=\skip45
\partial@page=\box27
\last@line=\box28
\mult@rightbox=\box29
\mult@grightbox=\box30
\mult@gfirstbox=\box31
\mult@firstbox=\box32
\@tempa=\box33
\@tempa=\box34
\@tempa=\box35
\@tempa=\box36
\@tempa=\box37
\@tempa=\box38
\@tempa=\box39
\@tempa=\box40
\@tempa=\box41
\@tempa=\box42
\@tempa=\box43
\@tempa=\box44
\@tempa=\box45
\@tempa=\box46
\@tempa=\box47
\@tempa=\box48
\@tempa=\box49
\c@columnbadness=\count104
\c@finalcolumnbadness=\count105
\last@try=\dimen115
\multicolovershoot=\dimen116
\multicolundershoot=\dimen117
\mult@nat@firstbox=\box50
\colbreak@box=\box51
\multicol@sort@counter=\count106
)
(/usr/share/texlive/texmf-dist/tex/latex/base/fontenc.sty
Package: fontenc 2005/09/27 v1.99g Standard LaTeX package

(/usr/share/texlive/texmf-dist/tex/latex/base/t1enc.def
File: t1enc.def 2005/09/27 v1.99g Standard LaTeX file
LaTeX Font Info:    Redeclaring font encoding T1 on input line 43.
))

Package hyperref Warning: Option `bookmarks' has already been used,
(hyperref)                setting the option has no effect on input line 30.

Package hyperref Info: Option `unicode' set `false' on input line 30.
Package hyperref Info: Option `pdftoolbar' set `true' on input line 30.
Package hyperref Info: Option `pdfmenubar' set `true' on input line 30.
Package hyperref Info: Option `pdffitwindow' set `false' on input line 30.
Package hyperref Info: Option `pdfnewwindow' set `true' on input line 30.
Package hyperref Info: Option `colorlinks' set `true' on input line 30.
(./me4140_ros_basics.aux)
\openout1 = `me4140_ros_basics.aux'.

LaTeX Font Info:    Checking defaults for OML/cmm/m/it on input line 67.
LaTeX Font Info:    ... okay on input line 67.
LaTeX Font Info:    Checking defaults for T1/cmr/m/n on input line 67.
LaTeX Font Info:    ... okay on input line 67.
LaTeX Font Info:    Checking defaults for OT1/cmr/m/n on input line 67.
LaTeX Font Info:    ... okay on input line 67.
LaTeX Font Info:    Checking defaults for OMS/cmsy/m/n on input line 67.
LaTeX Font Info:    ... okay on input line 67.
LaTeX Font Info:    Checking defaults for OMX/cmex/m/n on input line 67.
LaTeX Font Info:    ... okay on input line 67.
LaTeX Font Info:    Checking defaults for U/cmr/m/n on input line 67.
LaTeX Font Info:    ... okay on input line 67.
LaTeX Font Info:    Checking defaults for PD1/pdf/m/n on input line 67.
LaTeX Font Info:    ... okay on input line 67.
\AtBeginShipoutBox=\box52
Package hyperref Info: Link coloring ON on input line 67.

(/usr/share/texlive/texmf-dist/tex/latex/hyperref/nameref.sty
Package: nameref 2012/10/27 v2.43 Cross-referencing by name of section

(/usr/share/texlive/texmf-dist/tex/generic/oberdiek/gettitlestring.sty
Package: gettitlestring 2010/12/03 v1.4 Cleanup title references (HO)
)
\c@section@level=\count107
)
LaTeX Info: Redefining \ref on input line 67.
LaTeX Info: Redefining \pageref on input line 67.
LaTeX Info: Redefining \nameref on input line 67.

(./me4140_ros_basics.out) (./me4140_ros_basics.out)
\@outlinefile=\write3
\openout3 = `me4140_ros_basics.out'.


(/usr/share/texlive/texmf-dist/tex/context/base/supp-pdf.mkii
[Loading MPS to PDF converter (version 2006.09.02).]
\scratchcounter=\count108
\scratchdimen=\dimen118
\scratchbox=\box53
\nofMPsegments=\count109
\nofMParguments=\count110
\everyMPshowfont=\toks15
\MPscratchCnt=\count111
\MPscratchDim=\dimen119
\MPnumerator=\count112
\makeMPintoPDFobject=\count113
\everyMPtoPDFconversion=\toks16
) (/usr/share/texlive/texmf-dist/tex/latex/oberdiek/epstopdf-base.sty
Package: epstopdf-base 2010/02/09 v2.5 Base part for package epstopdf

(/usr/share/texlive/texmf-dist/tex/latex/oberdiek/grfext.sty
Package: grfext 2010/08/19 v1.1 Manage graphics extensions (HO)
)
Package grfext Info: Graphics extension search list:
(grfext)             [.png,.pdf,.jpg,.mps,.jpeg,.jbig2,.jb2,.PNG,.PDF,.JPG,.JPE
G,.JBIG2,.JB2,.eps]
(grfext)             \AppendGraphicsExtensions on input line 452.

(/usr/share/texlive/texmf-dist/tex/latex/latexconfig/epstopdf-sys.cfg
File: epstopdf-sys.cfg 2010/07/13 v1.3 Configuration of (r)epstopdf for TeX Liv
e
))
LaTeX Font Info:    Try loading font information for OMS+cmr on input line 85.

(/usr/share/texlive/texmf-dist/tex/latex/base/omscmr.fd
File: omscmr.fd 1999/05/25 v2.5h Standard LaTeX font definitions
)
LaTeX Font Info:    Font shape `OMS/cmr/m/n' in size <12> not available
(Font)              Font shape `OMS/cmsy/m/n' tried instead on input line 85.
LaTeX Font Info:    Try loading font information for T1+qcr on input line 86.

(/usr/share/texmf/tex/latex/tex-gyre/t1qcr.fd
File: t1qcr.fd 2009/09/25 v1.2 font definition file for T1/qcr
)
Underfull \hbox (badness 10000) in paragraph at lines 86--87

 []


Underfull \hbox (badness 10000) in paragraph at lines 87--88

 []


Underfull \hbox (badness 10000) in paragraph at lines 106--108

 []


Underfull \hbox (badness 10000) in paragraph at lines 125--126

 []


Overfull \hbox (61.3236pt too wide) in paragraph at lines 127--128
[]  \T1/qcr/m/n/12 $ sudo apt-get in-stall ros-<distribution>-<packagename> 
 []


Underfull \hbox (badness 10000) in paragraph at lines 128--129

 []

[1

{/var/lib/texmf/fonts/map/pdftex/updmap/pdftex.map}]
Underfull \hbox (badness 10000) in paragraph at lines 141--142

 []


Underfull \hbox (badness 10000) in paragraph at lines 144--146

 []


Underfull \hbox (badness 10000) in paragraph at lines 144--146

 []

<ros_basics_fig1.png, id=26, 1184.17406pt x 743.02594pt>
File: ros_basics_fig1.png Graphic file (type png)

<use ros_basics_fig1.png>
Package pdftex.def Info: ros_basics_fig1.png used on input line 147.
(pdftex.def)             Requested size: 473.66124pt x 297.20511pt.

Overfull \hbox (59.13063pt too wide) in paragraph at lines 147--148
[][] 
 []


Underfull \hbox (badness 10000) in paragraph at lines 147--148

 []


Underfull \hbox (badness 10000) in paragraph at lines 149--151

 []

<ros_basics_fig2.png, id=29, 469.15276pt x 290.88675pt>
File: ros_basics_fig2.png Graphic file (type png)

<use ros_basics_fig2.png>
Package pdftex.def Info: ros_basics_fig2.png used on input line 152.
(pdftex.def)             Requested size: 234.57579pt x 145.44301pt.

Underfull \hbox (badness 10000) in paragraph at lines 152--153

 []

[2 <./ros_basics_fig1.png> <./ros_basics_fig2.png>]
Underfull \hbox (badness 10000) in paragraph at lines 189--190

 []


Underfull \hbox (badness 10000) in paragraph at lines 190--191

 []


Underfull \hbox (badness 10000) in paragraph at lines 191--192

 []


Underfull \hbox (badness 10000) in paragraph at lines 197--198

 []


Underfull \hbox (badness 10000) in paragraph at lines 200--201

 []


Underfull \hbox (badness 10000) in paragraph at lines 203--204

 []

[3]
Underfull \hbox (badness 10000) in paragraph at lines 217--218

 []


Underfull \hbox (badness 10000) in paragraph at lines 219--220

 []


Underfull \hbox (badness 10000) in paragraph at lines 221--222

 []


Underfull \hbox (badness 10000) in paragraph at lines 221--222

 []


Underfull \hbox (badness 10000) in paragraph at lines 223--224

 []


Underfull \hbox (badness 10000) in paragraph at lines 223--224

 []


Underfull \hbox (badness 10000) in paragraph at lines 225--226

 []


Underfull \hbox (badness 10000) in paragraph at lines 225--226

 []


Underfull \hbox (badness 10000) in paragraph at lines 227--228

 []


Underfull \hbox (badness 10000) in paragraph at lines 227--228

 []


Underfull \hbox (badness 10000) in paragraph at lines 229--230

 []


Underfull \hbox (badness 10000) in paragraph at lines 229--230

 []


Underfull \hbox (badness 10000) in paragraph at lines 231--232

 []


Underfull \hbox (badness 10000) in paragraph at lines 231--232

 []


Underfull \hbox (badness 10000) in paragraph at lines 233--234

 []


Underfull \hbox (badness 10000) in paragraph at lines 233--234

 []


Overfull \hbox (10.09558pt too wide) in paragraph at lines 236--237
[]  \T1/qcr/m/n/12 $ sudo apt-get in-stall ros-kinetic-teleop-twist-keyboard 
 []


Underfull \hbox (badness 10000) in paragraph at lines 236--237

 []


Underfull \hbox (badness 10000) in paragraph at lines 236--237

 []


Overfull \hbox (2.89558pt too wide) in paragraph at lines 238--239
[]  \T1/qcr/m/n/12 $ ros-run teleop_twist_keyboard teleop_twist_keyboard.py 
 []


Underfull \hbox (badness 10000) in paragraph at lines 238--239

 []


Underfull \hbox (badness 10000) in paragraph at lines 238--239

 []


Underfull \hbox (badness 10000) in paragraph at lines 240--241

 []


Underfull \hbox (badness 10000) in paragraph at lines 240--241

 []


Underfull \hbox (badness 10000) in paragraph at lines 242--243

 []


Underfull \hbox (badness 10000) in paragraph at lines 242--243

 []

Package atveryend Info: Empty hook `BeforeClearDocument' on input line 246.
[4]
Package atveryend Info: Empty hook `AfterLastShipout' on input line 246.
 (./me4140_ros_basics.aux)
Package atveryend Info: Executing hook `AtVeryEndDocument' on input line 246.
Package atveryend Info: Executing hook `AtEndAfterFileList' on input line 246.
Package rerunfilecheck Info: File `me4140_ros_basics.out' has not changed.
(rerunfilecheck)             Checksum: D41D8CD98F00B204E9800998ECF8427E;0.
Package atveryend Info: Empty hook `AtVeryVeryEnd' on input line 246.
 ) 
Here is how much of TeX's memory you used:
 5510 strings out of 493304
 80801 string characters out of 6139871
 165199 words of memory out of 5000000
 8913 multiletter control sequences out of 15000+600000
 9950 words of font info for 24 fonts, out of 8000000 for 9000
 957 hyphenation exceptions out of 8191
 29i,6n,23p,302b,431s stack positions out of 5000i,500n,10000p,200000b,80000s
{/usr/share/texmf/fonts/enc/dvips/cm-super/cm-super-t1.enc}{/usr/share/texmf/
fonts/enc/dvips/tex-gyre/q-ec.enc}</usr/share/texlive/texmf-dist/fonts/type1/pu
blic/amsfonts/cm/cmsy10.pfb></usr/share/texmf/fonts/type1/public/tex-gyre/qcrr.
pfb></usr/share/texmf/fonts/type1/public/cm-super/sfbx1200.pfb></usr/share/texm
f/fonts/type1/public/cm-super/sfbx1440.pfb></usr/share/texmf/fonts/type1/public
/cm-super/sfbx1728.pfb></usr/share/texmf/fonts/type1/public/cm-super/sfrm1200.p
fb></usr/share/texmf/fonts/type1/public/cm-super/sfsl1440.pfb></usr/share/texmf
/fonts/type1/public/cm-super/sfti1200.pfb>
Output written on me4140_ros_basics.pdf (4 pages, 395881 bytes).
PDF statistics:
 97 PDF objects out of 1000 (max. 8388607)
 78 compressed objects within 1 object stream
 20 named destinations out of 1000 (max. 500000)
 11 words of extra memory for PDF output out of 10000 (max. 10000000)

