This is pdfTeX, Version 3.14159265-2.6-1.40.19 (TeX Live 2019/dev/Debian) (preloaded format=pdflatex 2019.1.22)  30 AUG 2019 19:56
entering extended mode
 restricted \write18 enabled.
 %&-line parsing enabled.
**me4140_virtualize_ubuntu.tex
(./me4140_virtualize_ubuntu.tex
LaTeX2e <2018-04-01> patch level 4
Babel <3.20> and hyphenation patterns for 84 language(s) loaded.
(/usr/share/texlive/texmf-dist/tex/latex/base/article.cls
Document Class: article 2014/09/29 v1.4h Standard LaTeX document class
(/usr/share/texlive/texmf-dist/tex/latex/base/size12.clo
File: size12.clo 2014/09/29 v1.4h Standard LaTeX file (size option)
)
\c@part=\count80
\c@section=\count81
\c@subsection=\count82
\c@subsubsection=\count83
\c@paragraph=\count84
\c@subparagraph=\count85
\c@figure=\count86
\c@table=\count87
\abovecaptionskip=\skip41
\belowcaptionskip=\skip42
\bibindent=\dimen102
)
(/usr/share/texlive/texmf-dist/tex/latex/hyperref/hyperref.sty
Package: hyperref 2018/02/06 v6.86b Hypertext links for LaTeX

(/usr/share/texlive/texmf-dist/tex/generic/oberdiek/hobsub-hyperref.sty
Package: hobsub-hyperref 2016/05/16 v1.14 Bundle oberdiek, subset hyperref (HO)


(/usr/share/texlive/texmf-dist/tex/generic/oberdiek/hobsub-generic.sty
Package: hobsub-generic 2016/05/16 v1.14 Bundle oberdiek, subset generic (HO)
Package: hobsub 2016/05/16 v1.14 Construct package bundles (HO)
Package: infwarerr 2016/05/16 v1.4 Providing info/warning/error messages (HO)
Package: ltxcmds 2016/05/16 v1.23 LaTeX kernel commands for general use (HO)
Package: ifluatex 2016/05/16 v1.4 Provides the ifluatex switch (HO)
Package ifluatex Info: LuaTeX not detected.
Package: ifvtex 2016/05/16 v1.6 Detect VTeX and its facilities (HO)
Package ifvtex Info: VTeX not detected.
Package: intcalc 2016/05/16 v1.2 Expandable calculations with integers (HO)
Package: ifpdf 2017/03/15 v3.2 Provides the ifpdf switch
Package: etexcmds 2016/05/16 v1.6 Avoid name clashes with e-TeX commands (HO)
Package: kvsetkeys 2016/05/16 v1.17 Key value parser (HO)
Package: kvdefinekeys 2016/05/16 v1.4 Define keys (HO)
Package: pdftexcmds 2018/01/30 v0.27 Utility functions of pdfTeX for LuaTeX (HO
)
Package pdftexcmds Info: LuaTeX not detected.
Package pdftexcmds Info: \pdf@primitive is available.
Package pdftexcmds Info: \pdf@ifprimitive is available.
Package pdftexcmds Info: \pdfdraftmode found.
Package: pdfescape 2016/05/16 v1.14 Implements pdfTeX's escape features (HO)
Package: bigintcalc 2016/05/16 v1.4 Expandable calculations on big integers (HO
)
Package: bitset 2016/05/16 v1.2 Handle bit-vector datatype (HO)
Package: uniquecounter 2016/05/16 v1.3 Provide unlimited unique counter (HO)
)
Package hobsub Info: Skipping package `hobsub' (already loaded).
Package: letltxmacro 2016/05/16 v1.5 Let assignment for LaTeX macros (HO)
Package: hopatch 2016/05/16 v1.3 Wrapper for package hooks (HO)
Package: xcolor-patch 2016/05/16 xcolor patch
Package: atveryend 2016/05/16 v1.9 Hooks at the very end of document (HO)
Package atveryend Info: \enddocument detected (standard20110627).
Package: atbegshi 2016/06/09 v1.18 At begin shipout hook (HO)
Package: refcount 2016/05/16 v3.5 Data extraction from label references (HO)
Package: hycolor 2016/05/16 v1.8 Color options for hyperref/bookmark (HO)
)
(/usr/share/texlive/texmf-dist/tex/latex/graphics/keyval.sty
Package: keyval 2014/10/28 v1.15 key=value parser (DPC)
\KV@toks@=\toks14
)
(/usr/share/texlive/texmf-dist/tex/generic/ifxetex/ifxetex.sty
Package: ifxetex 2010/09/12 v0.6 Provides ifxetex conditional
)
(/usr/share/texlive/texmf-dist/tex/latex/oberdiek/auxhook.sty
Package: auxhook 2016/05/16 v1.4 Hooks for auxiliary files (HO)
)
(/usr/share/texlive/texmf-dist/tex/latex/oberdiek/kvoptions.sty
Package: kvoptions 2016/05/16 v3.12 Key value format for package options (HO)
)
\@linkdim=\dimen103
\Hy@linkcounter=\count88
\Hy@pagecounter=\count89

(/usr/share/texlive/texmf-dist/tex/latex/hyperref/pd1enc.def
File: pd1enc.def 2018/02/06 v6.86b Hyperref: PDFDocEncoding definition (HO)
Now handling font encoding PD1 ...
... no UTF-8 mapping file for font encoding PD1
)
\Hy@SavedSpaceFactor=\count90

(/usr/share/texlive/texmf-dist/tex/latex/latexconfig/hyperref.cfg
File: hyperref.cfg 2002/06/06 v1.2 hyperref configuration of TeXLive
)
Package hyperref Info: Hyper figures OFF on input line 4509.
Package hyperref Info: Link nesting OFF on input line 4514.
Package hyperref Info: Hyper index ON on input line 4517.
Package hyperref Info: Plain pages OFF on input line 4524.
Package hyperref Info: Backreferencing OFF on input line 4529.
Package hyperref Info: Implicit mode ON; LaTeX internals redefined.
Package hyperref Info: Bookmarks ON on input line 4762.
\c@Hy@tempcnt=\count91

(/usr/share/texlive/texmf-dist/tex/latex/url/url.sty
\Urlmuskip=\muskip10
Package: url 2013/09/16  ver 3.4  Verb mode for urls, etc.
)
LaTeX Info: Redefining \url on input line 5115.
\XeTeXLinkMargin=\dimen104
\Fld@menulength=\count92
\Field@Width=\dimen105
\Fld@charsize=\dimen106
Package hyperref Info: Hyper figures OFF on input line 6369.
Package hyperref Info: Link nesting OFF on input line 6374.
Package hyperref Info: Hyper index ON on input line 6377.
Package hyperref Info: backreferencing OFF on input line 6384.
Package hyperref Info: Link coloring OFF on input line 6389.
Package hyperref Info: Link coloring with OCG OFF on input line 6394.
Package hyperref Info: PDF/A mode OFF on input line 6399.
LaTeX Info: Redefining \ref on input line 6439.
LaTeX Info: Redefining \pageref on input line 6443.
\Hy@abspage=\count93
\c@Item=\count94
\c@Hfootnote=\count95
)
Package hyperref Info: Driver (autodetected): hpdftex.

(/usr/share/texlive/texmf-dist/tex/latex/hyperref/hpdftex.def
File: hpdftex.def 2018/02/06 v6.86b Hyperref driver for pdfTeX
\Fld@listcount=\count96
\c@bookmark@seq@number=\count97

(/usr/share/texlive/texmf-dist/tex/latex/oberdiek/rerunfilecheck.sty
Package: rerunfilecheck 2016/05/16 v1.8 Rerun checks for auxiliary files (HO)
Package uniquecounter Info: New unique counter `rerunfilecheck' on input line 2
82.
)
\Hy@SectionHShift=\skip43
)
(/usr/share/texlive/texmf-dist/tex/latex/graphics/graphicx.sty
Package: graphicx 2017/06/01 v1.1a Enhanced LaTeX Graphics (DPC,SPQR)

(/usr/share/texlive/texmf-dist/tex/latex/graphics/graphics.sty
Package: graphics 2017/06/25 v1.2c Standard LaTeX Graphics (DPC,SPQR)

(/usr/share/texlive/texmf-dist/tex/latex/graphics/trig.sty
Package: trig 2016/01/03 v1.10 sin cos tan (DPC)
)
(/usr/share/texlive/texmf-dist/tex/latex/graphics-cfg/graphics.cfg
File: graphics.cfg 2016/06/04 v1.11 sample graphics configuration
)
Package graphics Info: Driver file: pdftex.def on input line 99.

(/usr/share/texlive/texmf-dist/tex/latex/graphics-def/pdftex.def
File: pdftex.def 2018/01/08 v1.0l Graphics/color driver for pdftex
))
\Gin@req@height=\dimen107
\Gin@req@width=\dimen108
)
(/usr/share/texlive/texmf-dist/tex/latex/multirow/multirow.sty
Package: multirow 2016/11/25 v2.2 Span multiple rows of a table
\multirow@colwidth=\skip44
\multirow@cntb=\count98
\multirow@dima=\skip45
\bigstrutjot=\dimen109
)
(/usr/share/texlive/texmf-dist/tex/latex/setspace/setspace.sty
Package: setspace 2011/12/19 v6.7a set line spacing
)
(/usr/share/texlive/texmf-dist/tex/latex/graphics/color.sty
Package: color 2016/07/10 v1.1e Standard LaTeX Color (DPC)

(/usr/share/texlive/texmf-dist/tex/latex/graphics-cfg/color.cfg
File: color.cfg 2016/01/02 v1.6 sample color configuration
)
Package color Info: Driver file: pdftex.def on input line 147.
)
(/usr/share/texlive/texmf-dist/tex/latex/tools/multicol.sty
Package: multicol 2018/04/20 v1.8s multicolumn formatting (FMi)
\c@tracingmulticols=\count99
\mult@box=\box26
\multicol@leftmargin=\dimen110
\c@unbalance=\count100
\c@collectmore=\count101
\doublecol@number=\count102
\multicoltolerance=\count103
\multicolpretolerance=\count104
\full@width=\dimen111
\page@free=\dimen112
\premulticols=\dimen113
\postmulticols=\dimen114
\multicolsep=\skip46
\multicolbaselineskip=\skip47
\partial@page=\box27
\last@line=\box28
\maxbalancingoverflow=\dimen115
\mult@rightbox=\box29
\mult@grightbox=\box30
\mult@gfirstbox=\box31
\mult@firstbox=\box32
\@tempa=\box33
\@tempa=\box34
\@tempa=\box35
\@tempa=\box36
\@tempa=\box37
\@tempa=\box38
\@tempa=\box39
\@tempa=\box40
\@tempa=\box41
\@tempa=\box42
\@tempa=\box43
\@tempa=\box44
\@tempa=\box45
\@tempa=\box46
\@tempa=\box47
\@tempa=\box48
\@tempa=\box49
\c@columnbadness=\count105
\c@finalcolumnbadness=\count106
\last@try=\dimen116
\multicolovershoot=\dimen117
\multicolundershoot=\dimen118
\mult@nat@firstbox=\box50
\colbreak@box=\box51
\mc@col@check@num=\count107
)

Package hyperref Warning: Option `bookmarks' has already been used,
(hyperref)                setting the option has no effect on input line 33.

Package hyperref Info: Option `unicode' set `false' on input line 33.
Package hyperref Info: Option `pdftoolbar' set `true' on input line 33.
Package hyperref Info: Option `pdfmenubar' set `true' on input line 33.
Package hyperref Info: Option `pdffitwindow' set `false' on input line 33.
Package hyperref Info: Option `pdfnewwindow' set `true' on input line 33.
Package hyperref Info: Option `colorlinks' set `true' on input line 33.
(./me4140_virtualize_ubuntu.aux)
\openout1 = `me4140_virtualize_ubuntu.aux'.

LaTeX Font Info:    Checking defaults for OML/cmm/m/it on input line 49.
LaTeX Font Info:    ... okay on input line 49.
LaTeX Font Info:    Checking defaults for T1/cmr/m/n on input line 49.
LaTeX Font Info:    ... okay on input line 49.
LaTeX Font Info:    Checking defaults for OT1/cmr/m/n on input line 49.
LaTeX Font Info:    ... okay on input line 49.
LaTeX Font Info:    Checking defaults for OMS/cmsy/m/n on input line 49.
LaTeX Font Info:    ... okay on input line 49.
LaTeX Font Info:    Checking defaults for OMX/cmex/m/n on input line 49.
LaTeX Font Info:    ... okay on input line 49.
LaTeX Font Info:    Checking defaults for U/cmr/m/n on input line 49.
LaTeX Font Info:    ... okay on input line 49.
LaTeX Font Info:    Checking defaults for PD1/pdf/m/n on input line 49.
LaTeX Font Info:    ... okay on input line 49.
\AtBeginShipoutBox=\box52
Package hyperref Info: Link coloring ON on input line 49.

(/usr/share/texlive/texmf-dist/tex/latex/hyperref/nameref.sty
Package: nameref 2016/05/21 v2.44 Cross-referencing by name of section

(/usr/share/texlive/texmf-dist/tex/generic/oberdiek/gettitlestring.sty
Package: gettitlestring 2016/05/16 v1.5 Cleanup title references (HO)
)
\c@section@level=\count108
)
LaTeX Info: Redefining \ref on input line 49.
LaTeX Info: Redefining \pageref on input line 49.
LaTeX Info: Redefining \nameref on input line 49.

(./me4140_virtualize_ubuntu.out) (./me4140_virtualize_ubuntu.out)
\@outlinefile=\write3
\openout3 = `me4140_virtualize_ubuntu.out'.


(/usr/share/texlive/texmf-dist/tex/context/base/mkii/supp-pdf.mkii
[Loading MPS to PDF converter (version 2006.09.02).]
\scratchcounter=\count109
\scratchdimen=\dimen119
\scratchbox=\box53
\nofMPsegments=\count110
\nofMParguments=\count111
\everyMPshowfont=\toks15
\MPscratchCnt=\count112
\MPscratchDim=\dimen120
\MPnumerator=\count113
\makeMPintoPDFobject=\count114
\everyMPtoPDFconversion=\toks16
) (/usr/share/texlive/texmf-dist/tex/latex/oberdiek/epstopdf-base.sty
Package: epstopdf-base 2016/05/15 v2.6 Base part for package epstopdf

(/usr/share/texlive/texmf-dist/tex/latex/oberdiek/grfext.sty
Package: grfext 2016/05/16 v1.2 Manage graphics extensions (HO)
)
Package epstopdf-base Info: Redefining graphics rule for `.eps' on input line 4
38.
Package grfext Info: Graphics extension search list:
(grfext)             [.pdf,.png,.jpg,.mps,.jpeg,.jbig2,.jb2,.PDF,.PNG,.JPG,.JPE
G,.JBIG2,.JB2,.eps]
(grfext)             \AppendGraphicsExtensions on input line 456.

(/usr/share/texlive/texmf-dist/tex/latex/latexconfig/epstopdf-sys.cfg
File: epstopdf-sys.cfg 2010/07/13 v1.3 Configuration of (r)epstopdf for TeX Liv
e
))
<CaptureA.png, id=5, 803.0pt x 803.0pt>
File: CaptureA.png Graphic file (type png)
<use CaptureA.png>
Package pdftex.def Info: CaptureA.png  used on input line 62.
(pdftex.def)             Requested size: 321.1943pt x 321.1943pt.

Underfull \hbox (badness 10000) in paragraph at lines 61--63

 []

LaTeX Font Info:    Try loading font information for OMS+cmr on input line 65.
(/usr/share/texlive/texmf-dist/tex/latex/base/omscmr.fd
File: omscmr.fd 2014/09/29 v2.5h Standard LaTeX font definitions
)
LaTeX Font Info:    Font shape `OMS/cmr/m/n' in size <12> not available
(Font)              Font shape `OMS/cmsy/m/n' tried instead on input line 65.
 [1

{/var/lib/texmf/fonts/map/pdftex/updmap/pdftex.map} <./CaptureA.PNG>]
Underfull \hbox (badness 10000) in paragraph at lines 73--74

 []


Underfull \hbox (badness 10000) in paragraph at lines 77--78

 []


Underfull \hbox (badness 10000) in paragraph at lines 78--79

 []

<Capture1.png, id=18, 752.8125pt x 539.76656pt>
File: Capture1.png Graphic file (type png)
<use Capture1.png>
Package pdftex.def Info: Capture1.png  used on input line 80.
(pdftex.def)             Requested size: 451.69098pt x 323.86243pt.

Overfull \hbox (37.16037pt too wide) in paragraph at lines 79--81
[] 
 []


Underfull \hbox (badness 10000) in paragraph at lines 79--81

 []

[2 <./Capture1.PNG>]
<Capture2.png, id=28, 752.0597pt x 539.01375pt>
File: Capture2.png Graphic file (type png)
<use Capture2.png>
Package pdftex.def Info: Capture2.png  used on input line 91.
(pdftex.def)             Requested size: 451.2393pt x 323.41074pt.

Overfull \hbox (36.7087pt too wide) in paragraph at lines 90--92
[] 
 []


Underfull \hbox (badness 10000) in paragraph at lines 90--92

 []

[3 <./Capture2.PNG>]
<Capture3.png, id=35, 754.31813pt x 538.26094pt>
File: Capture3.png Graphic file (type png)
<use Capture3.png>
Package pdftex.def Info: Capture3.png  used on input line 102.
(pdftex.def)             Requested size: 452.59438pt x 322.95906pt.

Overfull \hbox (38.06377pt too wide) in paragraph at lines 101--103
[] 
 []


Underfull \hbox (badness 10000) in paragraph at lines 101--103

 []

[4 <./Capture3.PNG>]
<Capture4.png, id=42, 752.8125pt x 542.025pt>
File: Capture4.png Graphic file (type png)
<use Capture4.png>
Package pdftex.def Info: Capture4.png  used on input line 111.
(pdftex.def)             Requested size: 451.69098pt x 325.2175pt.

Overfull \hbox (37.16037pt too wide) in paragraph at lines 110--112
[] 
 []


Underfull \hbox (badness 10000) in paragraph at lines 110--112

 []

[5 <./Capture4.PNG>]
<Capture5.png, id=49, 755.82375pt x 542.025pt>
File: Capture5.png Graphic file (type png)
<use Capture5.png>
Package pdftex.def Info: Capture5.png  used on input line 120.
(pdftex.def)             Requested size: 453.49774pt x 325.2175pt.

Overfull \hbox (38.96713pt too wide) in paragraph at lines 119--121
[] 
 []


Underfull \hbox (badness 10000) in paragraph at lines 119--121

 []

[6 <./Capture5.PNG>]
File: Capture5.png Graphic file (type png)
<use Capture5.png>
Package pdftex.def Info: Capture5.png  used on input line 128.
(pdftex.def)             Requested size: 453.49774pt x 325.2175pt.

Overfull \hbox (38.96713pt too wide) in paragraph at lines 127--129
[] 
 []


Underfull \hbox (badness 10000) in paragraph at lines 127--129

 []

[7]
<Capture6.png, id=62, 755.82375pt x 542.025pt>
File: Capture6.png Graphic file (type png)
<use Capture6.png>
Package pdftex.def Info: Capture6.png  used on input line 137.
(pdftex.def)             Requested size: 453.49774pt x 325.2175pt.

Overfull \hbox (38.96713pt too wide) in paragraph at lines 136--138
[] 
 []


Underfull \hbox (badness 10000) in paragraph at lines 136--138

 []

[8 <./Capture6.PNG>]
Underfull \hbox (badness 10000) in paragraph at lines 157--158

 []

<Capture7.png, id=69, 753.5653pt x 621.07031pt>
File: Capture7.png Graphic file (type png)
<use Capture7.png>
Package pdftex.def Info: Capture7.png  used on input line 161.
(pdftex.def)             Requested size: 452.14267pt x 372.64505pt.

Overfull \hbox (37.61206pt too wide) in paragraph at lines 160--162
[] 
 []


Underfull \hbox (badness 10000) in paragraph at lines 160--162

 []

[9 <./Capture7.PNG>]
<Capture8.png, id=76, 836.3747pt x 663.22781pt>
File: Capture8.png Graphic file (type png)
<use Capture8.png>
Package pdftex.def Info: Capture8.png  used on input line 170.
(pdftex.def)             Requested size: 501.82869pt x 397.93976pt.

Overfull \hbox (87.29808pt too wide) in paragraph at lines 169--171
[] 
 []


Underfull \hbox (badness 10000) in paragraph at lines 169--171

 []

<Capture9.png, id=77, 816.04875pt x 645.16031pt>
File: Capture9.png Graphic file (type png)
<use Capture9.png>
Package pdftex.def Info: Capture9.png  used on input line 179.
(pdftex.def)             Requested size: 489.63304pt x 387.09917pt.

Overfull \hbox (75.10243pt too wide) in paragraph at lines 178--180
[] 
 []


Underfull \hbox (badness 10000) in paragraph at lines 178--180

 []

[10 <./Capture8.PNG>] [11 <./Capture9.PNG>]
<Capture10.png, id=90, 830.35219pt x 577.40718pt>
File: Capture10.png Graphic file (type png)
<use Capture10.png>
Package pdftex.def Info: Capture10.png  used on input line 193.
(pdftex.def)             Requested size: 498.21515pt x 346.44698pt.

Overfull \hbox (83.68454pt too wide) in paragraph at lines 192--194
[] 
 []

[12 <./Capture10.PNG>]
<Capture11.png, id=97, 803.25093pt x 504.38437pt>
File: Capture11.png Graphic file (type png)
<use Capture11.png>
Package pdftex.def Info: Capture11.png  used on input line 202.
(pdftex.def)             Requested size: 481.95427pt x 302.63295pt.

Overfull \hbox (67.42366pt too wide) in paragraph at lines 201--203
[] 
 []

[13 <./Capture11.PNG>]
<Capture12.png, id=105, 836.3747pt x 531.48563pt>
File: Capture12.png Graphic file (type png)
<use Capture12.png>
Package pdftex.def Info: Capture12.png  used on input line 209.
(pdftex.def)             Requested size: 501.82869pt x 318.89383pt.

Overfull \hbox (87.29808pt too wide) in paragraph at lines 208--210
[] 
 []


Underfull \hbox (badness 10000) in paragraph at lines 208--210

 []

[14 <./Capture12.PNG>]
<Capture13.png, id=112, 668.4975pt x 516.42938pt>
File: Capture13.png Graphic file (type png)
<use Capture13.png>
Package pdftex.def Info: Capture13.png  used on input line 218.
(pdftex.def)             Requested size: 401.1016pt x 309.86002pt.
 [15 <./Capture13.PNG>]
<Capture14.png, id=119, 718.18312pt x 396.7322pt>
File: Capture14.png Graphic file (type png)
<use Capture14.png>
Package pdftex.def Info: Capture14.png  used on input line 221.
(pdftex.def)             Requested size: 430.9132pt x 238.04114pt.

Overfull \hbox (16.38258pt too wide) in paragraph at lines 220--222
[] 
 []


Underfull \hbox (badness 10000) in paragraph at lines 220--222

 []

[16 <./Capture14.PNG>]
<Capture15.png, id=126, 1262.46657pt x 730.98094pt>
File: Capture15.png Graphic file (type png)
<use Capture15.png>
Package pdftex.def Info: Capture15.png  used on input line 225.
(pdftex.def)             Requested size: 757.4858pt x 438.59195pt.

Overfull \hbox (342.95518pt too wide) in paragraph at lines 224--226
[] 
 []

[17 <./Capture15.PNG>]
<Capture16.png, id=133, 697.10437pt x 510.40688pt>
File: Capture16.png Graphic file (type png)
<use Capture16.png>
Package pdftex.def Info: Capture16.png  used on input line 234.
(pdftex.def)             Requested size: 418.26584pt x 306.24648pt.

Overfull \hbox (3.73523pt too wide) in paragraph at lines 233--235
[] 
 []

[18 <./Capture16.PNG>]
Package atveryend Info: Empty hook `BeforeClearDocument' on input line 248.
 [19]
Package atveryend Info: Empty hook `AfterLastShipout' on input line 248.
 (./me4140_virtualize_ubuntu.aux)
Package atveryend Info: Executing hook `AtVeryEndDocument' on input line 248.
Package atveryend Info: Executing hook `AtEndAfterFileList' on input line 248.
Package rerunfilecheck Info: File `me4140_virtualize_ubuntu.out' has not change
d.
(rerunfilecheck)             Checksum: D41D8CD98F00B204E9800998ECF8427E;0.
Package atveryend Info: Empty hook `AtVeryVeryEnd' on input line 248.
 ) 
Here is how much of TeX's memory you used:
 5349 strings out of 492648
 79816 string characters out of 6132015
 166602 words of memory out of 5000000
 9155 multiletter control sequences out of 15000+600000
 6167 words of font info for 22 fonts, out of 8000000 for 9000
 1141 hyphenation exceptions out of 8191
 28i,6n,25p,242b,510s stack positions out of 5000i,500n,10000p,200000b,80000s
</usr/share/texlive/texmf-dist/fonts/type1/public/amsfonts/cm/cmbx12.pfb></us
r/share/texlive/texmf-dist/fonts/type1/public/amsfonts/cm/cmr12.pfb></usr/share
/texlive/texmf-dist/fonts/type1/public/amsfonts/cm/cmsl12.pfb></usr/share/texli
ve/texmf-dist/fonts/type1/public/amsfonts/cm/cmsy10.pfb></usr/share/texlive/tex
mf-dist/fonts/type1/public/amsfonts/cm/cmti12.pfb>
Output written on me4140_virtualize_ubuntu.pdf (19 pages, 2622382 bytes).
PDF statistics:
 176 PDF objects out of 1000 (max. 8388607)
 114 compressed objects within 2 object streams
 40 named destinations out of 1000 (max. 500000)
 86 words of extra memory for PDF output out of 10000 (max. 10000000)

